2018-08-16 20:37:04 [127.0.0.1][-][-][error][yii\web\HttpException:404] yii\base\InvalidRouteException: Unable to resolve the request "". in D:\OSPanel\domains\tasktracker\vendor\yiisoft\yii2\base\Module.php:537
Stack trace:
#0 D:\OSPanel\domains\tasktracker\vendor\yiisoft\yii2\web\Application.php(103): yii\base\Module->runAction('', Array)
#1 D:\OSPanel\domains\tasktracker\vendor\yiisoft\yii2\base\Application.php(386): yii\web\Application->handleRequest(Object(yii\web\Request))
#2 D:\OSPanel\domains\tasktracker\web\index.php(12): yii\base\Application->run()
#3 {main}

Next yii\web\NotFoundHttpException: Page not found. in D:\OSPanel\domains\tasktracker\vendor\yiisoft\yii2\web\Application.php:115
Stack trace:
#0 D:\OSPanel\domains\tasktracker\vendor\yiisoft\yii2\base\Application.php(386): yii\web\Application->handleRequest(Object(yii\web\Request))
#1 D:\OSPanel\domains\tasktracker\web\index.php(12): yii\base\Application->run()
#2 {main}
2018-08-16 20:37:04 [127.0.0.1][-][-][info][application] $_GET = []

$_POST = []

$_FILES = []

$_COOKIE = [
    'PHPSESSID' => 'ic3t1gobgsvcgt8i3tdljl6912'
    '_csrf' => 'c64d5383e896dcc9d1395400d3b5d21ce03df902c682bf80bdb3d1199cb4f902a:2:{i:0;s:5:\"_csrf\";i:1;s:32:\"C9Lyfo2d4mg_Ex3J2IpZ9OVvkB9PRS3R\";}'
]

$_SESSION = [
    '__flash' => []
    '__captcha/site/captcha' => 'harxca'
    '__captcha/site/captchacount' => 1
]

$_SERVER = [
    'REDIRECT_STATUS' => '200'
    'HTTP_HOST' => 'tasktracker'
    'HTTP_CONNECTION' => 'keep-alive'
    'HTTP_UPGRADE_INSECURE_REQUESTS' => '1'
    'HTTP_USER_AGENT' => 'Mozilla/5.0 (Windows NT 10.0; WOW64) AppleWebKit/537.36 (KHTML, like Gecko) Chrome/59.0.3071.115 Safari/537.36'
    'HTTP_ACCEPT' => 'text/html,application/xhtml+xml,application/xml;q=0.9,image/webp,image/apng,*/*;q=0.8'
    'HTTP_ACCEPT_ENCODING' => 'gzip, deflate'
    'HTTP_ACCEPT_LANGUAGE' => 'ru,en-US;q=0.8,en;q=0.6'
    'HTTP_COOKIE' => 'PHPSESSID=ic3t1gobgsvcgt8i3tdljl6912; _csrf=c64d5383e896dcc9d1395400d3b5d21ce03df902c682bf80bdb3d1199cb4f902a%3A2%3A%7Bi%3A0%3Bs%3A5%3A%22_csrf%22%3Bi%3A1%3Bs%3A32%3A%22C9Lyfo2d4mg_Ex3J2IpZ9OVvkB9PRS3R%22%3B%7D'
    'PATH' => 'd:\\ospanel\\modules\\php\\PHP-7.0\\ext;d:\\ospanel\\modules\\php\\PHP-7.0\\pear;d:\\ospanel\\modules\\php\\PHP-7.0\\pear\\bin;d:\\ospanel\\modules\\php\\PHP-7.0;d:\\ospanel\\modules\\imagemagick;d:\\ospanel\\modules\\wget\\bin;d:\\ospanel\\modules\\git;d:\\ospanel\\modules\\git\\bin;d:\\ospanel\\modules\\git\\mingw\\bin;d:\\ospanel\\modules\\git\\cmd;d:\\ospanel\\modules\\database\\MySQL-5.6\\bin;d:\\ospanel\\modules\\http\\Apache-PHP-7\\bin;d:\\ospanel\\modules\\http\\Apache-PHP-7;C:\\WINDOWS\\system32;C:\\WINDOWS;C:\\WINDOWS\\system32\\Wbem;C:\\WINDOWS\\SysWOW64'
    'SystemRoot' => 'C:\\WINDOWS'
    'COMSPEC' => 'C:\\WINDOWS\\system32\\cmd.exe'
    'PATHEXT' => '.COM;.EXE;.BAT;.CMD;.VBS;.VBE;.JS;.JSE;.WSF;.WSH;.MSC'
    'WINDIR' => 'C:\\WINDOWS'
    'SERVER_SIGNATURE' => ''
    'SERVER_SOFTWARE' => 'Apache'
    'SERVER_NAME' => 'tasktracker'
    'SERVER_ADDR' => '127.0.0.1'
    'SERVER_PORT' => '80'
    'REMOTE_ADDR' => '127.0.0.1'
    'DOCUMENT_ROOT' => 'D:/OSPanel/domains/tasktracker'
    'REQUEST_SCHEME' => 'http'
    'CONTEXT_PREFIX' => ''
    'CONTEXT_DOCUMENT_ROOT' => 'D:/OSPanel/domains/tasktracker'
    'SERVER_ADMIN' => '[no address given]'
    'SCRIPT_FILENAME' => 'D:/OSPanel/domains/tasktracker/web/index.php'
    'REMOTE_PORT' => '4246'
    'REDIRECT_URL' => '/'
    'GATEWAY_INTERFACE' => 'CGI/1.1'
    'SERVER_PROTOCOL' => 'HTTP/1.1'
    'REQUEST_METHOD' => 'GET'
    'QUERY_STRING' => ''
    'REQUEST_URI' => '/'
    'SCRIPT_NAME' => '/web/index.php'
    'PHP_SELF' => '/web/index.php'
    'REQUEST_TIME_FLOAT' => 1534441024.335
    'REQUEST_TIME' => 1534441024
    'argv' => []
    'argc' => 0
]
